2020-09-14 20:58:26,675 WARN  [SoapUI] Missing folder [C:\Users\SravaniTanukonda\Desktop\Restproject\my-app\ext] for external libraries
2020-09-14 20:58:27,161 INFO  [DefaultSoapUICore] initialized soapui-settings from [C:\Users\SravaniTanukonda\soapui-settings.xml]
2020-09-14 20:58:29,988 WARN  [SoapUI] Plugin 'ready-uxm-plugin-os-1.0.3.jar' is not loaded because it hasn't been signed by SmartBear Software.
2020-09-14 20:58:32,182 INFO  [PluginManager] Adding plugin from [C:\Users\SravaniTanukonda\.soapuios\plugins\readyapi-postman-1.0.1.jar]
2020-09-14 20:58:32,183 INFO  [PluginManager] Adding plugin from [C:\Users\SravaniTanukonda\.soapuios\plugins\soapui-swagger-plugin-2.2-dist.jar]
2020-09-14 20:58:34,246 ERROR [SoapUI] An error occurred [com.eviware.soapui.plugins.auto.factories.AutoDiscoveryMethodFactory], see error log for details
2020-09-14 20:58:34,252 ERROR [errorlog] java.lang.ClassNotFoundException: com.eviware.soapui.plugins.auto.factories.AutoDiscoveryMethodFactory
java.lang.ClassNotFoundException: com.eviware.soapui.plugins.auto.factories.AutoDiscoveryMethodFactory
	at org.codehaus.plexus.classworlds.strategy.SelfFirstStrategy.loadClass(SelfFirstStrategy.java:50)
	at org.codehaus.plexus.classworlds.realm.ClassRealm.unsynchronizedLoadClass(ClassRealm.java:271)
	at org.codehaus.plexus.classworlds.realm.ClassRealm.loadClass(ClassRealm.java:247)
	at org.codehaus.plexus.classworlds.realm.ClassRealm.loadClass(ClassRealm.java:239)
	at java.lang.Class.forName0(Native Method)
	at java.lang.Class.forName(Class.java:264)
	at com.eviware.soapui.plugins.LoaderBase.loadAutoFactories(LoaderBase.java:113)
	at com.eviware.soapui.plugins.LoaderBase.loadFactories(LoaderBase.java:80)
	at com.eviware.soapui.plugins.PluginLoader.loadPluginFactories(PluginLoader.java:141)
	at com.eviware.soapui.plugins.PluginLoader.loadPlugin(PluginLoader.java:104)
	at com.eviware.soapui.plugins.PluginLoader.loadPlugin(PluginLoader.java:54)
	at com.eviware.soapui.plugins.PluginManager.doInstallPlugin(PluginManager.java:141)
	at com.eviware.soapui.plugins.PluginManager.access$600(PluginManager.java:43)
	at com.eviware.soapui.plugins.PluginManager$LoadPluginsTask.computeSequentially(PluginManager.java:420)
	at com.eviware.soapui.plugins.PluginManager$LoadPluginsTask.compute(PluginManager.java:377)
	at com.eviware.soapui.plugins.PluginManager$LoadPluginsTask.compute(PluginManager.java:382)
	at com.eviware.soapui.plugins.PluginManager$LoadPluginsTask.compute(PluginManager.java:365)
	at java.util.concurrent.RecursiveTask.exec(RecursiveTask.java:94)
	at java.util.concurrent.ForkJoinTask.doExec(ForkJoinTask.java:289)
	at java.util.concurrent.ForkJoinPool$WorkQueue.runTask(ForkJoinPool.java:1056)
	at java.util.concurrent.ForkJoinPool.runWorker(ForkJoinPool.java:1692)
	at java.util.concurrent.ForkJoinWorkerThread.run(ForkJoinWorkerThread.java:157)
2020-09-14 20:58:34,566 ERROR [SoapUI] An error occurred [com.eviware.soapui.plugins.auto.factories.AutoDiscoveryMethodFactory], see error log for details
2020-09-14 20:58:34,568 ERROR [errorlog] java.lang.ClassNotFoundException: com.eviware.soapui.plugins.auto.factories.AutoDiscoveryMethodFactory
java.lang.ClassNotFoundException: com.eviware.soapui.plugins.auto.factories.AutoDiscoveryMethodFactory
	at org.codehaus.plexus.classworlds.strategy.SelfFirstStrategy.loadClass(SelfFirstStrategy.java:50)
	at org.codehaus.plexus.classworlds.realm.ClassRealm.unsynchronizedLoadClass(ClassRealm.java:271)
	at org.codehaus.plexus.classworlds.realm.ClassRealm.loadClass(ClassRealm.java:247)
	at org.codehaus.plexus.classworlds.realm.ClassRealm.loadClass(ClassRealm.java:239)
	at java.lang.Class.forName0(Native Method)
	at java.lang.Class.forName(Class.java:264)
	at com.eviware.soapui.plugins.LoaderBase.loadAutoFactories(LoaderBase.java:113)
	at com.eviware.soapui.plugins.LoaderBase.loadFactories(LoaderBase.java:80)
	at com.eviware.soapui.plugins.PluginLoader.loadPluginFactories(PluginLoader.java:141)
	at com.eviware.soapui.plugins.PluginLoader.loadPlugin(PluginLoader.java:104)
	at com.eviware.soapui.plugins.PluginLoader.loadPlugin(PluginLoader.java:54)
	at com.eviware.soapui.plugins.PluginManager.doInstallPlugin(PluginManager.java:141)
	at com.eviware.soapui.plugins.PluginManager.access$600(PluginManager.java:43)
	at com.eviware.soapui.plugins.PluginManager$LoadPluginsTask.computeSequentially(PluginManager.java:420)
	at com.eviware.soapui.plugins.PluginManager$LoadPluginsTask.compute(PluginManager.java:377)
	at com.eviware.soapui.plugins.PluginManager$LoadPluginsTask.compute(PluginManager.java:365)
	at java.util.concurrent.RecursiveTask.exec(RecursiveTask.java:94)
	at java.util.concurrent.ForkJoinTask.doExec(ForkJoinTask.java:289)
	at java.util.concurrent.ForkJoinPool$WorkQueue.runTask(ForkJoinPool.java:1056)
	at java.util.concurrent.ForkJoinPool.runWorker(ForkJoinPool.java:1692)
	at java.util.concurrent.ForkJoinWorkerThread.run(ForkJoinWorkerThread.java:157)
2020-09-14 20:58:34,914 ERROR [SoapUI] An error occurred [com.eviware.soapui.plugins.auto.factories.AutoImportMethodFactory], see error log for details
2020-09-14 20:58:34,932 ERROR [errorlog] java.lang.ClassNotFoundException: com.eviware.soapui.plugins.auto.factories.AutoImportMethodFactory
java.lang.ClassNotFoundException: com.eviware.soapui.plugins.auto.factories.AutoImportMethodFactory
	at org.codehaus.plexus.classworlds.strategy.SelfFirstStrategy.loadClass(SelfFirstStrategy.java:50)
	at org.codehaus.plexus.classworlds.realm.ClassRealm.unsynchronizedLoadClass(ClassRealm.java:271)
	at org.codehaus.plexus.classworlds.realm.ClassRealm.loadClass(ClassRealm.java:247)
	at org.codehaus.plexus.classworlds.realm.ClassRealm.loadClass(ClassRealm.java:239)
	at java.lang.Class.forName0(Native Method)
	at java.lang.Class.forName(Class.java:264)
	at com.eviware.soapui.plugins.LoaderBase.loadAutoFactories(LoaderBase.java:113)
	at com.eviware.soapui.plugins.LoaderBase.loadFactories(LoaderBase.java:80)
	at com.eviware.soapui.plugins.PluginLoader.loadPluginFactories(PluginLoader.java:141)
	at com.eviware.soapui.plugins.PluginLoader.loadPlugin(PluginLoader.java:104)
	at com.eviware.soapui.plugins.PluginLoader.loadPlugin(PluginLoader.java:54)
	at com.eviware.soapui.plugins.PluginManager.doInstallPlugin(PluginManager.java:141)
	at com.eviware.soapui.plugins.PluginManager.access$600(PluginManager.java:43)
	at com.eviware.soapui.plugins.PluginManager$LoadPluginsTask.computeSequentially(PluginManager.java:420)
	at com.eviware.soapui.plugins.PluginManager$LoadPluginsTask.compute(PluginManager.java:377)
	at com.eviware.soapui.plugins.PluginManager$LoadPluginsTask.compute(PluginManager.java:382)
	at com.eviware.soapui.plugins.PluginManager$LoadPluginsTask.compute(PluginManager.java:365)
	at java.util.concurrent.RecursiveTask.exec(RecursiveTask.java:94)
	at java.util.concurrent.ForkJoinTask.doExec(ForkJoinTask.java:289)
	at java.util.concurrent.ForkJoinPool$WorkQueue.runTask(ForkJoinPool.java:1056)
	at java.util.concurrent.ForkJoinPool.runWorker(ForkJoinPool.java:1692)
	at java.util.concurrent.ForkJoinWorkerThread.run(ForkJoinWorkerThread.java:157)
2020-09-14 20:58:35,569 ERROR [SoapUI] An error occurred [com.eviware.soapui.plugins.auto.factories.AutoImportMethodFactory], see error log for details
2020-09-14 20:58:35,573 ERROR [errorlog] java.lang.ClassNotFoundException: com.eviware.soapui.plugins.auto.factories.AutoImportMethodFactory
java.lang.ClassNotFoundException: com.eviware.soapui.plugins.auto.factories.AutoImportMethodFactory
	at org.codehaus.plexus.classworlds.strategy.SelfFirstStrategy.loadClass(SelfFirstStrategy.java:50)
	at org.codehaus.plexus.classworlds.realm.ClassRealm.unsynchronizedLoadClass(ClassRealm.java:271)
	at org.codehaus.plexus.classworlds.realm.ClassRealm.loadClass(ClassRealm.java:247)
	at org.codehaus.plexus.classworlds.realm.ClassRealm.loadClass(ClassRealm.java:239)
	at java.lang.Class.forName0(Native Method)
	at java.lang.Class.forName(Class.java:264)
	at com.eviware.soapui.plugins.LoaderBase.loadAutoFactories(LoaderBase.java:113)
	at com.eviware.soapui.plugins.LoaderBase.loadFactories(LoaderBase.java:80)
	at com.eviware.soapui.plugins.PluginLoader.loadPluginFactories(PluginLoader.java:141)
	at com.eviware.soapui.plugins.PluginLoader.loadPlugin(PluginLoader.java:104)
	at com.eviware.soapui.plugins.PluginLoader.loadPlugin(PluginLoader.java:54)
	at com.eviware.soapui.plugins.PluginManager.doInstallPlugin(PluginManager.java:141)
	at com.eviware.soapui.plugins.PluginManager.access$600(PluginManager.java:43)
	at com.eviware.soapui.plugins.PluginManager$LoadPluginsTask.computeSequentially(PluginManager.java:420)
	at com.eviware.soapui.plugins.PluginManager$LoadPluginsTask.compute(PluginManager.java:377)
	at com.eviware.soapui.plugins.PluginManager$LoadPluginsTask.compute(PluginManager.java:365)
	at java.util.concurrent.RecursiveTask.exec(RecursiveTask.java:94)
	at java.util.concurrent.ForkJoinTask.doExec(ForkJoinTask.java:289)
	at java.util.concurrent.ForkJoinPool$WorkQueue.runTask(ForkJoinPool.java:1056)
	at java.util.concurrent.ForkJoinPool.runWorker(ForkJoinPool.java:1692)
	at java.util.concurrent.ForkJoinWorkerThread.run(ForkJoinWorkerThread.java:157)
2020-09-14 20:58:35,969 INFO  [PluginManager] Adding plugin from [C:\Users\SravaniTanukonda\.soapuios\plugins\ready-mqtt-plugin-dist.jar]
2020-09-14 20:58:37,165 ERROR [SoapUI] An error occurred [com.eviware.soapui.plugins.auto.factories.AutoDiscoveryMethodFactory], see error log for details
2020-09-14 20:58:37,169 ERROR [errorlog] java.lang.ClassNotFoundException: com.eviware.soapui.plugins.auto.factories.AutoDiscoveryMethodFactory
java.lang.ClassNotFoundException: com.eviware.soapui.plugins.auto.factories.AutoDiscoveryMethodFactory
	at org.codehaus.plexus.classworlds.strategy.SelfFirstStrategy.loadClass(SelfFirstStrategy.java:50)
	at org.codehaus.plexus.classworlds.realm.ClassRealm.unsynchronizedLoadClass(ClassRealm.java:271)
	at org.codehaus.plexus.classworlds.realm.ClassRealm.loadClass(ClassRealm.java:247)
	at org.codehaus.plexus.classworlds.realm.ClassRealm.loadClass(ClassRealm.java:239)
	at java.lang.Class.forName0(Native Method)
	at java.lang.Class.forName(Class.java:264)
	at com.eviware.soapui.plugins.LoaderBase.loadAutoFactories(LoaderBase.java:113)
	at com.eviware.soapui.plugins.LoaderBase.loadFactories(LoaderBase.java:80)
	at com.eviware.soapui.plugins.PluginLoader.loadPluginFactories(PluginLoader.java:141)
	at com.eviware.soapui.plugins.PluginLoader.loadPlugin(PluginLoader.java:104)
	at com.eviware.soapui.plugins.PluginLoader.loadPlugin(PluginLoader.java:54)
	at com.eviware.soapui.plugins.PluginManager.doInstallPlugin(PluginManager.java:141)
	at com.eviware.soapui.plugins.PluginManager.access$600(PluginManager.java:43)
	at com.eviware.soapui.plugins.PluginManager$LoadPluginsTask.computeSequentially(PluginManager.java:420)
	at com.eviware.soapui.plugins.PluginManager$LoadPluginsTask.compute(PluginManager.java:377)
	at com.eviware.soapui.plugins.PluginManager$LoadPluginsTask.compute(PluginManager.java:382)
	at com.eviware.soapui.plugins.PluginManager$LoadPluginsTask.compute(PluginManager.java:365)
	at java.util.concurrent.RecursiveTask.exec(RecursiveTask.java:94)
	at java.util.concurrent.ForkJoinTask.doExec(ForkJoinTask.java:289)
	at java.util.concurrent.ForkJoinPool$WorkQueue.runTask(ForkJoinPool.java:1056)
	at java.util.concurrent.ForkJoinPool.runWorker(ForkJoinPool.java:1692)
	at java.util.concurrent.ForkJoinWorkerThread.run(ForkJoinWorkerThread.java:157)
2020-09-14 20:58:38,383 ERROR [SoapUI] An error occurred [com.eviware.soapui.plugins.auto.factories.AutoImportMethodFactory], see error log for details
2020-09-14 20:58:38,383 ERROR [errorlog] java.lang.ClassNotFoundException: com.eviware.soapui.plugins.auto.factories.AutoImportMethodFactory
java.lang.ClassNotFoundException: com.eviware.soapui.plugins.auto.factories.AutoImportMethodFactory
	at org.codehaus.plexus.classworlds.strategy.SelfFirstStrategy.loadClass(SelfFirstStrategy.java:50)
	at org.codehaus.plexus.classworlds.realm.ClassRealm.unsynchronizedLoadClass(ClassRealm.java:271)
	at org.codehaus.plexus.classworlds.realm.ClassRealm.loadClass(ClassRealm.java:247)
	at org.codehaus.plexus.classworlds.realm.ClassRealm.loadClass(ClassRealm.java:239)
	at java.lang.Class.forName0(Native Method)
	at java.lang.Class.forName(Class.java:264)
	at com.eviware.soapui.plugins.LoaderBase.loadAutoFactories(LoaderBase.java:113)
	at com.eviware.soapui.plugins.LoaderBase.loadFactories(LoaderBase.java:80)
	at com.eviware.soapui.plugins.PluginLoader.loadPluginFactories(PluginLoader.java:141)
	at com.eviware.soapui.plugins.PluginLoader.loadPlugin(PluginLoader.java:104)
	at com.eviware.soapui.plugins.PluginLoader.loadPlugin(PluginLoader.java:54)
	at com.eviware.soapui.plugins.PluginManager.doInstallPlugin(PluginManager.java:141)
	at com.eviware.soapui.plugins.PluginManager.access$600(PluginManager.java:43)
	at com.eviware.soapui.plugins.PluginManager$LoadPluginsTask.computeSequentially(PluginManager.java:420)
	at com.eviware.soapui.plugins.PluginManager$LoadPluginsTask.compute(PluginManager.java:377)
	at com.eviware.soapui.plugins.PluginManager$LoadPluginsTask.compute(PluginManager.java:382)
	at com.eviware.soapui.plugins.PluginManager$LoadPluginsTask.compute(PluginManager.java:365)
	at java.util.concurrent.RecursiveTask.exec(RecursiveTask.java:94)
	at java.util.concurrent.ForkJoinTask.doExec(ForkJoinTask.java:289)
	at java.util.concurrent.ForkJoinPool$WorkQueue.runTask(ForkJoinPool.java:1056)
	at java.util.concurrent.ForkJoinPool.runWorker(ForkJoinPool.java:1692)
	at java.util.concurrent.ForkJoinWorkerThread.run(ForkJoinWorkerThread.java:157)
2020-09-14 20:58:38,689 INFO  [PluginManager] Adding plugin from [C:\Users\SravaniTanukonda\.soapuios\plugins\readyapi-swaggerhub-plugin-1.0.jar]
2020-09-14 20:58:39,662 ERROR [SoapUI] An error occurred [com.eviware.soapui.plugins.auto.factories.AutoDiscoveryMethodFactory], see error log for details
2020-09-14 20:58:39,668 ERROR [errorlog] java.lang.ClassNotFoundException: com.eviware.soapui.plugins.auto.factories.AutoDiscoveryMethodFactory
java.lang.ClassNotFoundException: com.eviware.soapui.plugins.auto.factories.AutoDiscoveryMethodFactory
	at org.codehaus.plexus.classworlds.strategy.SelfFirstStrategy.loadClass(SelfFirstStrategy.java:50)
	at org.codehaus.plexus.classworlds.realm.ClassRealm.unsynchronizedLoadClass(ClassRealm.java:271)
	at org.codehaus.plexus.classworlds.realm.ClassRealm.loadClass(ClassRealm.java:247)
	at org.codehaus.plexus.classworlds.realm.ClassRealm.loadClass(ClassRealm.java:239)
	at java.lang.Class.forName0(Native Method)
	at java.lang.Class.forName(Class.java:264)
	at com.eviware.soapui.plugins.LoaderBase.loadAutoFactories(LoaderBase.java:113)
	at com.eviware.soapui.plugins.LoaderBase.loadFactories(LoaderBase.java:80)
	at com.eviware.soapui.plugins.PluginLoader.loadPluginFactories(PluginLoader.java:141)
	at com.eviware.soapui.plugins.PluginLoader.loadPlugin(PluginLoader.java:104)
	at com.eviware.soapui.plugins.PluginLoader.loadPlugin(PluginLoader.java:54)
	at com.eviware.soapui.plugins.PluginManager.doInstallPlugin(PluginManager.java:141)
	at com.eviware.soapui.plugins.PluginManager.access$600(PluginManager.java:43)
	at com.eviware.soapui.plugins.PluginManager$LoadPluginsTask.computeSequentially(PluginManager.java:420)
	at com.eviware.soapui.plugins.PluginManager$LoadPluginsTask.compute(PluginManager.java:377)
	at com.eviware.soapui.plugins.PluginManager$LoadPluginsTask.compute(PluginManager.java:382)
	at com.eviware.soapui.plugins.PluginManager$LoadPluginsTask.compute(PluginManager.java:365)
	at java.util.concurrent.RecursiveTask.exec(RecursiveTask.java:94)
	at java.util.concurrent.ForkJoinTask.doExec(ForkJoinTask.java:289)
	at java.util.concurrent.ForkJoinPool$WorkQueue.runTask(ForkJoinPool.java:1056)
	at java.util.concurrent.ForkJoinPool.runWorker(ForkJoinPool.java:1692)
	at java.util.concurrent.ForkJoinWorkerThread.run(ForkJoinWorkerThread.java:157)
2020-09-14 20:58:39,781 ERROR [SoapUI] An error occurred [com.eviware.soapui.plugins.auto.factories.AutoImportMethodFactory], see error log for details
2020-09-14 20:58:39,782 ERROR [errorlog] java.lang.ClassNotFoundException: com.eviware.soapui.plugins.auto.factories.AutoImportMethodFactory
java.lang.ClassNotFoundException: com.eviware.soapui.plugins.auto.factories.AutoImportMethodFactory
	at org.codehaus.plexus.classworlds.strategy.SelfFirstStrategy.loadClass(SelfFirstStrategy.java:50)
	at org.codehaus.plexus.classworlds.realm.ClassRealm.unsynchronizedLoadClass(ClassRealm.java:271)
	at org.codehaus.plexus.classworlds.realm.ClassRealm.loadClass(ClassRealm.java:247)
	at org.codehaus.plexus.classworlds.realm.ClassRealm.loadClass(ClassRealm.java:239)
	at java.lang.Class.forName0(Native Method)
	at java.lang.Class.forName(Class.java:264)
	at com.eviware.soapui.plugins.LoaderBase.loadAutoFactories(LoaderBase.java:113)
	at com.eviware.soapui.plugins.LoaderBase.loadFactories(LoaderBase.java:80)
	at com.eviware.soapui.plugins.PluginLoader.loadPluginFactories(PluginLoader.java:141)
	at com.eviware.soapui.plugins.PluginLoader.loadPlugin(PluginLoader.java:104)
	at com.eviware.soapui.plugins.PluginLoader.loadPlugin(PluginLoader.java:54)
	at com.eviware.soapui.plugins.PluginManager.doInstallPlugin(PluginManager.java:141)
	at com.eviware.soapui.plugins.PluginManager.access$600(PluginManager.java:43)
	at com.eviware.soapui.plugins.PluginManager$LoadPluginsTask.computeSequentially(PluginManager.java:420)
	at com.eviware.soapui.plugins.PluginManager$LoadPluginsTask.compute(PluginManager.java:377)
	at com.eviware.soapui.plugins.PluginManager$LoadPluginsTask.compute(PluginManager.java:382)
	at com.eviware.soapui.plugins.PluginManager$LoadPluginsTask.compute(PluginManager.java:365)
	at java.util.concurrent.RecursiveTask.exec(RecursiveTask.java:94)
	at java.util.concurrent.ForkJoinTask.doExec(ForkJoinTask.java:289)
	at java.util.concurrent.ForkJoinPool$WorkQueue.runTask(ForkJoinPool.java:1056)
	at java.util.concurrent.ForkJoinPool.runWorker(ForkJoinPool.java:1692)
	at java.util.concurrent.ForkJoinWorkerThread.run(ForkJoinWorkerThread.java:157)
2020-09-14 20:58:39,908 INFO  [PluginManager] 4 plugins loaded in 7735 ms
2020-09-14 20:58:39,909 INFO  [DefaultSoapUICore] All plugins loaded
2020-09-14 20:58:43,614 INFO  [WsdlProject] Loaded project from [file:/C:/Users/SravaniTanukonda/Desktop/Restproject/my-app/REST-Project-soapui-project.xml]
2020-09-14 20:58:43,627 INFO  [SoapUITestCaseRunner] Running SoapUI tests in project [REST Project]
2020-09-14 20:58:43,631 INFO  [SoapUITestCaseRunner] Running Project [REST Project], runType = SEQUENTIAL
2020-09-14 20:58:43,684 INFO  [SoapUITestCaseRunner] Running SoapUI testcase [TC01]
2020-09-14 20:58:43,698 INFO  [SoapUITestCaseRunner] running step [AccessToken]
2020-09-14 20:58:46,128 INFO  [SoapUITestCaseRunner] Assertion [Script Assertion] has status VALID
2020-09-14 20:58:46,130 INFO  [SoapUITestCaseRunner] running step [Admin_Login]
2020-09-14 20:58:46,438 INFO  [SoapUITestCaseRunner] running step [Get_Admin_User]
2020-09-14 20:58:46,762 INFO  [SoapUITestCaseRunner] running step [Admin_Logout]
2020-09-14 20:58:47,054 INFO  [SoapUITestCaseRunner] Finished running SoapUI testcase [TC01], time taken: 1661ms, status: FINISHED
2020-09-14 20:58:47,055 INFO  [SoapUITestCaseRunner] Running SoapUI testcase [TC02]
2020-09-14 20:58:47,056 INFO  [SoapUITestCaseRunner] running step [AccessToken]
2020-09-14 20:58:47,392 INFO  [SoapUITestCaseRunner] Assertion [Script Assertion] has status VALID
2020-09-14 20:58:47,393 INFO  [SoapUITestCaseRunner] running step [Admin_User]
2020-09-14 20:58:47,785 INFO  [SoapUITestCaseRunner] Assertion [Script Assertion] has status VALID
2020-09-14 20:58:47,785 INFO  [SoapUITestCaseRunner] running step [Get_Admin_User]
2020-09-14 20:58:48,120 INFO  [SoapUITestCaseRunner] Assertion [Script Assertion] has status VALID
2020-09-14 20:58:48,134 INFO  [SoapUITestCaseRunner] running step [Admin_Logout]
2020-09-14 20:58:48,442 INFO  [SoapUITestCaseRunner] Finished running SoapUI testcase [TC02], time taken: 1229ms, status: FINISHED
2020-09-14 20:58:48,444 INFO  [SoapUITestCaseRunner] Running SoapUI testcase [TC02_with_properties]
2020-09-14 20:58:48,450 INFO  [SoapUITestCaseRunner] running step [AccessToken]
2020-09-14 20:58:48,800 INFO  [SoapUITestCaseRunner] Assertion [Script Assertion] has status VALID
2020-09-14 20:58:48,800 INFO  [SoapUITestCaseRunner] running step [Admin_User]
2020-09-14 20:58:49,136 INFO  [SoapUITestCaseRunner] Assertion [Script Assertion] has status UNKNOWN
2020-09-14 20:58:49,136 INFO  [SoapUITestCaseRunner] running step [Get_Admin_User]
2020-09-14 20:58:49,478 INFO  [SoapUITestCaseRunner] Assertion [Script Assertion] has status VALID
2020-09-14 20:58:49,479 INFO  [SoapUITestCaseRunner] running step [Admin_Logout]
2020-09-14 20:58:49,809 INFO  [SoapUITestCaseRunner] running step [Properties]
2020-09-14 20:58:49,896 INFO  [SoapUITestCaseRunner] Finished running SoapUI testcase [TC02_with_properties], time taken: 1309ms, status: FINISHED
2020-09-14 20:58:49,902 INFO  [SoapUITestCaseRunner] Running SoapUI testcase [TC02DataDriven]
2020-09-14 20:58:49,922 INFO  [SoapUITestCaseRunner] running step [DataDriven]
2020-09-14 20:58:50,903 INFO  [log] 2 and 2
2020-09-14 20:58:50,920 INFO  [log] upskills_admin
2020-09-14 20:58:50,927 INFO  [log] Talent4$$
2020-09-14 20:58:51,026 INFO  [SoapUITestCaseRunner] Running SoapUI testcase [TC02_with_properties]
2020-09-14 20:58:51,033 INFO  [SoapUITestCaseRunner] running step [AccessToken]
2020-09-14 20:58:51,426 INFO  [SoapUITestCaseRunner] Assertion [Script Assertion] has status VALID
2020-09-14 20:58:51,426 INFO  [SoapUITestCaseRunner] running step [Admin_User]
2020-09-14 20:58:51,743 INFO  [SoapUITestCaseRunner] Assertion [Script Assertion] has status UNKNOWN
2020-09-14 20:58:51,743 INFO  [SoapUITestCaseRunner] running step [Get_Admin_User]
2020-09-14 20:58:52,052 INFO  [SoapUITestCaseRunner] Assertion [Script Assertion] has status VALID
2020-09-14 20:58:52,053 INFO  [SoapUITestCaseRunner] running step [Admin_Logout]
2020-09-14 20:58:52,374 INFO  [SoapUITestCaseRunner] running step [Properties]
2020-09-14 20:58:52,376 INFO  [SoapUITestCaseRunner] Finished running SoapUI testcase [TC02_with_properties], time taken: 1295ms, status: FINISHED
2020-09-14 20:58:52,384 INFO  [log] Status: FINISHED, time taken for TestCase was: 1295 ms
2020-09-14 20:58:52,416 INFO  [log] Number of test steps which ran: 5
2020-09-14 20:58:52,510 INFO  [SoapUITestCaseRunner] Finished running SoapUI testcase [TC02DataDriven], time taken: 2585ms, status: FINISHED
2020-09-14 20:58:52,576 INFO  [SoapUITestCaseRunner] Running SoapUI testcase [TC02DataBase]
2020-09-14 20:58:52,593 INFO  [SoapUITestCaseRunner] running step [DataBaseTesting]
2020-09-14 20:58:53,245 INFO  [log] upskills_admin
2020-09-14 20:58:53,272 INFO  [log] Talent4$$
2020-09-14 20:58:53,285 INFO  [SoapUITestCaseRunner] Running SoapUI testcase [TC02_with_properties]
2020-09-14 20:58:53,291 INFO  [SoapUITestCaseRunner] running step [AccessToken]
2020-09-14 20:58:53,659 INFO  [SoapUITestCaseRunner] Assertion [Script Assertion] has status VALID
2020-09-14 20:58:53,666 INFO  [SoapUITestCaseRunner] running step [Admin_User]
2020-09-14 20:58:53,978 INFO  [SoapUITestCaseRunner] Assertion [Script Assertion] has status UNKNOWN
2020-09-14 20:58:53,979 INFO  [SoapUITestCaseRunner] running step [Get_Admin_User]
2020-09-14 20:58:54,294 INFO  [SoapUITestCaseRunner] Assertion [Script Assertion] has status VALID
2020-09-14 20:58:54,294 INFO  [SoapUITestCaseRunner] running step [Admin_Logout]
2020-09-14 20:58:54,603 INFO  [SoapUITestCaseRunner] running step [Properties]
2020-09-14 20:58:54,605 INFO  [SoapUITestCaseRunner] Finished running SoapUI testcase [TC02_with_properties], time taken: 1257ms, status: FINISHED
2020-09-14 20:58:54,606 INFO  [log] Status: FINISHED, time taken for TestCase was: 1257 ms
2020-09-14 20:58:54,607 INFO  [log] Number of test steps which ran: 5
2020-09-14 20:58:54,616 INFO  [SoapUITestCaseRunner] Finished running SoapUI testcase [TC02DataBase], time taken: 2011ms, status: FINISHED
2020-09-14 20:58:54,623 INFO  [SoapUITestCaseRunner] Running SoapUI testcase [TC30]
2020-09-14 20:58:54,624 INFO  [SoapUITestCaseRunner] running step [AccessToken]
2020-09-14 20:58:54,968 INFO  [SoapUITestCaseRunner] Assertion [Script Assertion] has status VALID
2020-09-14 20:58:54,969 INFO  [SoapUITestCaseRunner] running step [Admin_Login]
2020-09-14 20:58:55,282 INFO  [SoapUITestCaseRunner] running step [Get_Admin_User]
2020-09-14 20:58:55,605 INFO  [SoapUITestCaseRunner] Finished running SoapUI testcase [TC30], time taken: 914ms, status: FINISHED
2020-09-14 20:58:55,620 INFO  [SoapUITestCaseRunner] Project [REST Project] finished with status [FINISHED] in 11977ms
2020-09-14 20:59:07,255 WARN  [Tools] Could not delete temporary directory C:\Users\SRAVAN~1\AppData\Local\Temp\d2b8cf2d-6a8d-4497-92a4-7f4a9c9da4f4
2020-09-14 20:59:07,264 WARN  [Tools] Could not delete temporary directory C:\Users\SRAVAN~1\AppData\Local\Temp\eff54c94-e515-441a-a81b-2f928bbd2a8e
